1529995073777	geckodriver	INFO	geckodriver 0.21.0
1529995073798	geckodriver	INFO	Listening on 127.0.0.1:59034
1529995076821	mozrunner::runner	INFO	Running command: "d:\\Program Files (x86)\\Mozilla Firefox\\firefox.exe" "-marionette" "-foreground" "-no-remote" "-profile" "C:\\Users\\ca_nc\\AppData\\Local\\Temp\\rust_mozprofile.MK0GjJJUgUnt"
Unable to read VR Path Registry from C:\Users\ca_nc\AppData\Local\openvr\openvrpaths.vrpath
Unable to read VR Path Registry from C:\Users\ca_nc\AppData\Local\openvr\openvrpaths.vrpath
Unable to read VR Path Registry from C:\Users\ca_nc\AppData\Local\openvr\openvrpaths.vrpath
Unable to read VR Path Registry from C:\Users\ca_nc\AppData\Local\openvr\openvrpaths.vrpath
1529995079104	Marionette	INFO	Listening on port 59042
Unable to read VR Path Registry from C:\Users\ca_nc\AppData\Local\openvr\openvrpaths.vrpath
1529995079558	Marionette	WARN	TLS certificate errors will be ignored for this session
[Parent 81756, Gecko_IOThread] WARNING: pipe error: 109: file z:/build/build/src/ipc/chromium/src/chrome/common/ipc_channel_win.cc, line 346
[Child 87708, Chrome_ChildThread] WARNING: pipe error: 109: file z:/build/build/src/ipc/ch[Child 86748, Chromeromium/src/_ChildThread] WARNIchrome/common/ipc_channel_win.cc, line 346
NG: pipe error: 1Unable to read VR Path Registry from C:\Users\ca_nc\AppData\Local\openvr\openvrpaths.vrpath
Unable to read VR Path Registry from C:\Users\ca_nc\AppData\Local\openvr\openvrpaths.vrpath
Unable to read VR Path Registry from C:\Users\ca_nc\AppData\Local\openvr\openvrpaths.vrpath
Unable to read VR Path Registry from C:\Users\ca_nc\AppData\Local\openvr\openvrpaths.vrpath
1529995126591	Marionette	INFO	Listening on port 59301
Unable to read VR Path Registry from C:\Users\ca_nc\AppData\Local\openvr\openvrpaths.vrpath
1529995127040	Marionette	WARN	TLS certificate errors will be ignored for this session
[Parent 78176, Gecko_IOThread] WARNING: pipe error: 109: file z:/build/build/src/ipc/chromium/src/chrome/common/ipc_channel_win.cc, line 346
[Parent 78176, Gecko_IOThread] WARNING: pipe error: 109: file z:/build/build/src/ipc/chromium/src/chrome/common/ipc_channel_win.cc, line 346
[Child 91692, Chrome_ChildThread] WARNING: pipe error: 109: file z:/build/build/sr[Chilc/ipc/chromium/d 79444, Chrome_ChildThresrcad] WARNING: pipe error: 109: file z:/build/build/src//chrome/common/ipc_ipc/chromium/src/chrome/common/ipc_channel_winchan.cc,nel_win.cc, line 346
 line 346
[Child 9169[Child [Parent 78176, Gecko_IOThread] WARNING: pipe error: 109: file z:/build/build/src/ipc/chromium/src/chrome/common/ipc_channel_win.cc, line 346
[Child 83232, Chrome_ChildThread] WARNING: pipe error: 109: file z:/build/build/src/ipc/chromium/src/chrome/common/ipc_channel_win.cc, line 346
[Child 83232, Chr[GPU 34292, Chrome_ChildThread] WARNING: pipe error: 109: file z:/b
###!!! [Child][MessageChannel::SendAndWait] Error: Channel error: cannot send/recv

le z:/build/build/src/ipc/chromium/src/chrome/common/ipc_channel_win.cc, line 346
[Child 63648, Chrome_ChildThread] WARNING: pipe error: 109: file z:/build/build/src/ipc/chromium/src[Chil/chd 1rom121e/c32,omm Chron/ome_ipcChildTh_chread] WannARNING:el_ pipe ewinrror: 1.cc09: file z:/build/, line 346
build/src[Chil/ipc/chromium/src/chrome/common/ipc_channel_win.cc, line 346
[Child 112132, Ch[Parent 85464, Gecko_IOThread] WARNING: pipe error: 109: file z:/build/build/src/ipc/chromium/src/chrome/common/ipc_channel_win.cc, line 346
*** UTM:SVC TimerManager:registerTimer called after profile-before-change notification. Ignoring timer registration for id: telemetry_modules_ping

###!!! [Child][MessageChannel::SendAndWait] Error: Channel error: cannot send/recv

1529995292922	geckodriver	INFO	geckodriver 0.21.0
1529995292941	geckodriver	INFO	Listening on 127.0.0.1:59588
1529995295957	mozrunner::runner	INFO	Running command: "d:\\Program Files (x86)\\Mozilla Firefox\\firefox.exe" "-marionette" "-foreground" "-no-remote" "-profile" "C:\\Users\\ca_nc\\AppData\\Local\\Temp\\rust_mozprofile.fMhtbZ9BDWWn"
Unable to read VR Path Registry from C:\Users\ca_nc\AppData\Local\openvr\openvrpaths.vrpath
Unable to read VR Path Registry from C:\Users\ca_nc\AppData\Local\openvr\openvrpaths.vrpath
Unable to read VR Path Registry from C:\Users\ca_nc\AppData\Local\openvr\openvrpaths.vrpath
Unable to read VR Path Registry from C:\Users\ca_nc\AppData\Local\openvr\openvrpaths.vrpath
1529995298160	Marionette	INFO	Listening on port 59600
1529995298174	Marionette	WARN	TLS certificate errors will be ignored for this session
Unable to read VR Path Registry from C:\Users\ca_nc\AppData\Local\openvr\openvrpaths.vrpath
[Parent 77756, Gecko_IOThread] WARNING: pipe error: 109: file z:/build/build/src/ipc/chromium/src/chrome/common/ipc_channel_win.cc, line 346
[Parent 77756, Gecko_IOThread] WARNING: pipe error: 109: file z:/build/build/src/ipc/chromium/src/chrome/common/ipc_channel_win.cc, line 346
[Child 11652, Chrome_ChildThread] WARNING: pipe error: 109: file z:/build/build/src/ipc/chromium/src[Child 8/ch2612, Chrome_ChildThread] WARNING: pipe error: 109: file z:/build/build/src/ipc/chromirome/common/ipcum/src_channe/chroml_win.cc, line 346e/common/ipc_channel_win.cc, l
ine 346
[Child 1[Ch1652, Chrome_Ch[Parent 77756, Gecko_IOThread] WARNING: pipe error: 109: file z:/build/build/src/ipc/chromium/src/chrome/common/ipc_channel_win.cc, line 346
[Child 75576, Chrome_ChildThread] WARNING: pipe error: 109: file z:/build/build/src/ipc/chromium/src/chrome/common/ipc_channel_win.cc, line 346
[Child 7557[GPU 80724, Chr
###!!! [Child][MessageChannel::Send[Parent 142872, Gecko_IOThread] WARNING: pipe error: 109: file z:/build/build/src/ipc/chromium/src/chrome/common/ipc_channel_win.cc, line 346
[Child 1028, Chrome_ChildThread] WARNING: pipe error: 109: file z:/build/build/src/ipc/chromium/src/chrome/common/ipc_channel[Child 51628, Chrome_ChildThread] WARNING: pipe error: 109: file z:/build/build/src/ipc/chromium/src/chrome/common_w/ipin.cc,c_c line han346
nel_wi[Child 10n.cc, line 346
[Child 51628, [Parent 142872, Gecko_IOThread] WARNING: pipe error: 109: file z:/build/build/src/ipc/chromium/src/chrome/common/ipc_channel_win.cc, line 346
[Chi*** UTM:SVC TimerManager:registerTimer called after profile-before-change notification. Ignoring timer registration for id: telemetry_modules_ping
[GPU 57684, Chrome_C
###!!! [Child][MessageChannel::SendAndWait] Error: Channel error: cannot send/recv

1529995780571	geckodriver	INFO	geckodriver 0.21.0
1529995780590	geckodriver	INFO	Listening on 127.0.0.1:59930
1529995783614	mozrunner::runner	INFO	Running command: "d:\\Program Files (x86)\\Mozilla Firefox\\firefox.exe" "-marionette" "-foreground" "-no-remote" "-profile" "C:\\Users\\ca_nc\\AppData\\Local\\Temp\\rust_mozprofile.gN3uTIieTmLa"
Unable to read VR Path Registry from C:\Users\ca_nc\AppData\Local\openvr\openvrpaths.vrpath
Unable to read VR Path Registry from C:\Users\ca_nc\AppData\Local\openvr\openvrpaths.vrpath
Unable to read VR Path Registry from C:\Users\ca_nc\AppData\Local\openvr\openvrpaths.vrpath
Unable to read VR Path Registry from C:\Users\ca_nc\AppData\Local\openvr\openvrpaths.vrpath
1529995785785	Marionette	INFO	Listening on port 59942
1529995785832	Marionette	WARN	TLS certificate errors will be ignored for this session
Unable to read VR Path Registry from C:\Users\ca_nc\AppData\Local\openvr\openvrpaths.vrpath
[Parent 77680, Gecko_IOThread] WARNING: pipe error: 109: file z:/build/build/src/ipc/chromium/src/chrome/common/ipc_channel_win.cc, line 346
[Parent 77680, Gecko_IOThread] WARNING: pipe error: 109: file z:/build/build/src/ipc/chromium/src/chrome/common/ipc_channel_win.cc, line 346
[Child 100272, Chrome_ChildThread] WARNING: pipe error: 109Unable to read VR Path Registry from C:\Users\ca_nc\AppData\Local\openvr\openvrpaths.vrpath
Unable to read VR Path Registry from C:\Users\ca_nc\AppData\Local\openvr\openvrpaths.vrpath
Unable to read VR Path Registry from C:\Users\ca_nc\AppData\Local\openvr\openvrpaths.vrpath
Unable to read VR Path Registry from C:\Users\ca_nc\AppData\Local\openvr\openvrpaths.vrpath
1529995823155	Marionette	INFO	Listening on port 60008
1529995823213	Marionette	WARN	TLS certificate errors will be ignored for this session
Unable to read VR Path Registry from C:\Users\ca_nc\AppData\Local\openvr\openvrpaths.vrpath
[Child 79076, Chrome_ChildThread] WARNING: pipe error: 109: file z:/build/build/src/ipc/chromium/src/chrome/common/ipc_channel_win.cc, line 346
[Child 79076, Chrome_ChildThread][Parent 52384, Gecko_IOThread] WARNING: pipe error: 109: file z:/build/build/src/ipc/chromium/src/chrome/common/ipc_channel_win.cc, line 346
[Child 12160, Chrome_ChildThread] WARNING: pipe error: 109: file z:/build/build/src/ipc/chromium/src/chrome/common/iUnable to read VR Path Registry from C:\Users\ca_nc\AppData\Local\openvr\openvrpaths.vrpath
Unable to read VR Path Registry from C:\Users\ca_nc\AppData\Local\openvr\openvrpaths.vrpath
Unable to read VR Path Registry from C:\Users\ca_nc\AppData\Local\openvr\openvrpaths.vrpath
1529995898092	Marionette	INFO	Listening on port 60194
1529995898156	Marionette	WARN	TLS certificate errors will be ignored for this session
Unable to read VR Path Registry from C:\Users\ca_nc\AppData\Local\openvr\openvrpaths.vrpath
[Parent 75392, Gecko_IOThread] WARNING: pipe error: 109: file z:/build/build/src/ipc/chromium/src/chrome/commo1529996088269	mozrunner::runner	INFO	Running command: "d:\\Program Files (x86)\\Mozilla Firefox\\firefox.exe" "-marionette" "-foreground" "-no-remote" "-profile" "C:\\Users\\ca_nc\\AppData\\Local\\Temp\\rust_mozprofile.NcDvOySaUtP2"
Unable to read VR Path Registry from C:\Users\ca_nc\AppData\Local\openvr\openvrpaths.vrpath
Unable to read VR Path Registry from C:\Users\ca_nc\AppData\Local\openvr\openvrpaths.vrpath
Unable to read VR Path Registry from C:\Users\ca_nc\AppData\Local\openvr\openvrpaths.vrpath
Unable to read VR Path Registry from C:\Users\ca_nc\AppData\Local\openvr\openvrpaths.vrpath
1529996090557	Marionette	INFO	Listening on port 60621
Unable to read VR Path Registry from C:\Users\ca_nc\AppData\Local\openvr\openvrpaths.vrpath
1529996090985	Marionette	WARN	TLS certificate errors will be ignored for this session
[Child 56764, Chrome_ChildThread] WARNING: pipe error: 109: file z:/build/build/src/ipc/chromium/src/chrome/common/ipc_channel_win.cc, line 346
[Chil1529996118720	mozrunner::runner	INFO	Running command: "d:\\Program Files (x86)\\Mozilla Firefox\\firefox.exe" "-marionette" "-foreground" "-no-remote" "-profile" "C:\\Users\\ca_nc\\AppData\\Local\\Temp\\rust_mozprofile.3lsONtKHi0VJ"
Unable to read VR Path Registry from C:\Users\ca_nc\AppData\Local\openvr\openvrpaths.vrpath
Unable to read VR Path Registry from C:\Users\ca_nc\AppData\Local\openvr\openvrpaths.vrpath
Unable to read VR Path Registry from C:\Users\ca_nc\AppData\Local\openvr\openvrpaths.vrpath
Unable to read VR Path Registry from C:\Users\ca_nc\AppData\Local\openvr\openvrpaths.vrpath
1529996120915	Marionette	INFO	Listening on port 60724
1529996120970	Marionette	WARN	TLS certificate errors will be ignored for this session
Unable to read VR Path Registry from C:\Users\ca_nc\AppData\Local\openvr\openvrpaths.vrpath
[Child 88080, Chrome_ChildThread] WARNING: pipe error: 109: file z:/build/build/src/ipc/chromium/src/chrome/common/ipc_channel_win.cc, line 346
[Child 880
###!!! [Child][MessageChannel::SendAndWait] Error: Channel error: cannot send/recv

1529996347177	geckodriver	INFO	geckodriver 0.21.0
1529996347199	geckodriver	INFO	Listening on 127.0.0.1:61230
1529996350211	mozrunner::runner	INFO	Running command: "d:\\Program Files (x86)\\Mozilla Firefox\\firefox.exe" "-marionette" "-foreground" "-no-remote" "-profile" "C:\\Users\\ca_nc\\AppData\\Local\\Temp\\rust_mozprofile.G1oAXRyNiKkT"
Unable to read VR Path Registry from C:\Users\ca_nc\AppData\Local\openvr\openvrpaths.vrpath
Unable to read VR Path Registry from C:\Users\ca_nc\AppData\Local\openvr\openvrpaths.vrpath
Unable to read VR Path Registry from C:\Users\ca_nc\AppData\Local\openvr\openvrpaths.vrpath
Unable to read VR Path Registry from C:\Users\ca_nc\AppData\Local\openvr\openvrpaths.vrpath
1529996352403	Marionette	INFO	Listening on port 61246
1529996352460	Marionette	WARN	TLS certificate errors will be ignored for this session
Unable to read VR Path Registry from C:\Users\ca_nc\AppData\Local\openvr\openvrpaths.vrpath
[Child 2900, Chrome_ChildThread] WARNING: pipe error: 109: file z:/build/build/src/ipc/chromium/src/chrome/common/ipc_channel_win.cc, line 346
[Child 2900,*** UTM:SVC TimerManager:registerTimer called after profile-before-change notification. Ignoring timer registration for id: telemetry_modules_ping
[GPU 49276, Chrome_Ch
###!!! [Child][MessageChannel::SendAndWait] Error: Channel error: cannot send/recv

1529996759196	geckodriver	INFO	geckodriver 0.21.0
1529996759219	geckodriver	INFO	Listening on 127.0.0.1:64792
1529996762233	mozrunner::runner	INFO	Running command: "d:\\Program Files (x86)\\Mozilla Firefox\\firefox.exe" "-marionette" "-foreground" "-no-remote" "-profile" "C:\\Users\\ca_nc\\AppData\\Local\\Temp\\rust_mozprofile.PtHL74CSihZo"
Unable to read VR Path Registry from C:\Users\ca_nc\AppData\Local\openvr\openvrpaths.vrpath
Unable to read VR Path Registry from C:\Users\ca_nc\AppData\Local\openvr\openvrpaths.vrpath
Unable to read VR Path Registry from C:\Users\ca_nc\AppData\Local\openvr\openvrpaths.vrpath
Unable to read VR Path Registry from C:\Users\ca_nc\AppData\Local\openvr\openvrpaths.vrpath
1529996764901	Marionette	INFO	Listening on port 64808
Unable to read VR Path Registry from C:\Users\ca_nc\AppData\Local\openvr\openvrpaths.vrpath
1529996765097	Marionette	WARN	TLS certificate errors will be ignored for this session
[Parent 65216, Gecko_IOThread] WARNING: pipe error: 109: file z:/build/build/src/ipc/chromium/src/chrome/common/ipc_channel_win.cc, line 346
[Parent 65216, Gecko_IOThread] WARNING: pipe error: 109: file z:/build/build/src/ipc/chromium/src/chrome/common/ipc_channel_win.cc, line 346
[Child 45820, Chrome_ChildThread] WARNING: pipe error: 109: file z:/build/build/src/ipc/chromium/src/chrome/common/ipc_chann[el_win.cc, liChild 133060, Chrome_ChildThread] WARNING: pipe error: 109: file z:/build/build/src/ipc/chromium/src/chrome/cne 346
ommon/ipc[Child 45820, Chro_channel_win.cc, line 346
[Child 13[Parent 65216, Gecko_IOThread] WARNING: pipe error: 109: file z:/build/build/src/ipc/chromium/src/chrome/common/ipc_channel_win.cc, line 346
[GPU 67376, Chrome_Child
###!!! [Child][MessageChannel::SendAndWait] Error: Channel error: cannot send/recv


Unable to read VR Path Registry from C:\Users\ca_nc\AppData\Local\openvr\openvrpaths.vrpath
JavaScript error: https://ss1.bdstatic.com/5eN1bjq8AAUYm2zgoY3K/r/www/cache/static/protocol/https/plugins/every_cookie_4644b13.js, line 4: ReferenceError: c is not defined
[Parent 54844, Gecko_IOThread] WARNING: pipe error: 109: file z:/build/build/src/ipc/chromium/src/chrome/common/ipc_channel_win.cc, line 346
[Parent 54844, Gecko_IOThread] WARNING: pipe error: 109: file z:/build/build/src/ipc/chromium/src/chrome/common/ipc_channel_win.cc, line 346
[Child 50264, Chrome_ChildThread] WARNING: pipe error: 109: file z:/build/build/src/ipc/chromium/src/chrome/c[Child 76o308, Chrome_ChildThread]mmon/ipc_channel_win.cc, line 346
 WARNING: pipe error[:Chil 109: file z:/build/build/src/ipc/chromium/src/chrome/common/ipc_channel_win.cc, line 346
[Child 7630[Parent 54844, Gecko_IOThread] WARNING: pipe error: 109: file z:/build/build/src/ipc/chromium/src/chrome/common/ipc_channel_win.cc, line 346
*** UTM:SVC TimerManager:registerTimer called after profile-before-change notification. Ignoring timer registration for id: telemetry_modules_ping
[GPU 34344, Chrome_Ch
###!!! [Child][MessageChannel::SendAndWait] Error: Channel error: cannot send/recv

1529996886942	geckodriver	INFO	geckodriver 0.21.0
1529996886974	geckodriver	INFO	Listening on 127.0.0.1:65181
1529996889985	mozrunner::runner	INFO	Running command: "d:\\Program Files (x86)\\Mozilla Firefox\\firefox.exe" "-marionette" "-foreground" "-no-remote" "-profile" "C:\\Users\\ca_nc\\AppData\\Local\\Temp\\rust_mozprofile.g58NvTxaKn1B"
Unable to read VR Path Registry from C:\Users\ca_nc\AppData\Local\openvr\openvrpaths.vrpath
Unable to read VR Path Registry from C:\Users\ca_nc\AppData\Local\openvr\openvrpaths.vrpath
Unable to read VR Path Registry from C:\Users\ca_nc\AppData\Local\openvr\openvrpaths.vrpath
Unable to read VR Path Registry from C:\Users\ca_nc\AppData\Local\openvr\openvrpaths.vrpath
1529996892183	Marionette	INFO	Listening on port 65194
1529996892259	Marionette	WARN	TLS certificate errors will be ignored for this session
Unable to read VR Path Registry from C:\Users\ca_nc\AppData\Local\openvr\openvrpaths.vrpath
JavaScript error: https://ss1.bdstatic.com/5eN1bjq8AAUYm2zgoY3K/r/www/cache/static/protocol/https/plugins/every_cookie_4644b13.js, line 4: ReferenceError: c is not defined
[Child 31280, Chrome_ChildThread] WARNING: pipe error: 109: file z:/build/build/src/ipc/chromium/src/chrome/common[Child 4/224ipc_channel_win0, Chrome_ChildThread] WARNING: pipe error: 109: file z:/build/build/src/.cc, line 34ipc/chromium/src/chrome/common/ipc_channel_win.cc, line 3466

[Child 4[2Child 312[Parent 47864, Gecko_IOThread] WARNING: pipe error: 109: file z:/build/build/src/ipc/chromium/src/chrome/common/ipc_channel_win.cc, line 346
*** UTM:SVC TimerManager:registerTimer called after profile-before-change notification. Ignoring timer registration for id: telemetry_modules_ping
[GPU 32396, Chrome_C
###!!! [Child][MessageChannel::SendAndWait] Error: Channel error: cannot send/recv

vrpath
1529996936707	Marionette	INFO	Listening on port 65322
Unable to read VR Path Registry from C:\Users\ca_nc\AppData\Local\openvr\openvrpaths.vrpath
1529996937189	Marionette	WARN	TLS certificate errors will be ignored for this session
JavaScript error: https://ss1.bdstatic.com/5eN1bjq8AAUYm2zgoY3K/r/www/cache/static/protocol/https/plugins/every_cookie_4644b13.js, line 4: ReferenceError: c is not defined
JavaScript error: https://sp0.baidu.com/5a1Fazu8AA54nxGko9WTAnF6hhy/su?wd=seleniumpytho&json=1&p=3&sid=1461_21097_18559_22158&req=2&csor=13&pwd=seleniumpyth&cb=jQuery1102037903178099093093_1529996937776&_=1529996937790, line 1: TypeError: jQuery1102037903178099093093_1529996937776 is not a function
JavaScript error: https://sp0.baidu.com/5a1Fazu8AA54nxGko9WTAnF6hhy/su?wd=seleniumpython&json=1&p=3&sid=1461_21097_18559_22158&req=2&csor=14&pwd=seleniumpytho&cb=jQuery1102037903178099093093_1529996937776&_=1529996937791, line 1: TypeError: jQuery1102037903178099093093_1529996937776 is not a function
[Parent 24872, Gecko_IOThread] WARNING: pipe error: 109: file z:/build/build/src/ipc/chromium/src/chrome/common/ipc_channel_win.cc, line 346
[Child 38820, Chrome_ChildThread] WARNING: pipe error: 109: file z:/build/build/src/ipc/chromium/src/chrome/common/ipc_channel_win.cc, line 346
[Child 38820,[Child 42180, Chrome_ChildThread] WARNING: pipe error: 109: file z:/build/build/src/ipc/chromium/src/chrome/common/ipc_channel_win.cc, line 346
[Child 42180, C[Parent 24872, Gecko_IOThread] WARNING: pipe error: 109: file z:/build/build/src/ipc/chromium/src/chrome/common/ipc_channel_win.cc, line 346
[Child 31568, Chrome_ChildThread] WARNING: pipe error: 109: file z:/build/build/src/ipc/chromium/src/chrome/common/ipc_channel_win.cc, line 346
[Child 31568, Ch[Parent 24872, Gecko_IOThread] WARNING: file z:/build/build/src/ipc/chromium/src/base/process_util_win.cc, line 188
*** UTM:SVC TimerManager:registerTimer called after profile-before-change notification. Ignoring timer registration for id: telemetry_modules_ping
[GPU 35736, Chrome_Chi
###!!! [Child][MessageChannel::SendAndWait] Error: Channel error: cannot send/recv

1529996976058	geckodriver	INFO	geckodriver 0.21.0
1529996976078	geckodriver	INFO	Listening on 127.0.0.1:65431
1529996979100	mozrunner::runner	INFO	Running command: "d:\\Program Files (x86)\\Mozilla Firefox\\firefox.exe" "-marionette" "-foreground" "-no-remote" "-profile" "C:\\Users\\ca_nc\\AppData\\Local\\Temp\\rust_mozprofile.sGsCr9pP4HoJ"
Unable to read VR Path Registry from C:\Users\ca_nc\AppData\Local\openvr\openvrpaths.vrpath
Unable to read VR Path Registry from C:\Users\ca_nc\AppData\Local\openvr\openvrpaths.vrpath
Unable to read VR Path Registry from C:\Users\ca_nc\AppData\Local\openvr\openvrpaths.vrpath
Unable to read VR Path Registry from C:\Users\ca_nc\AppData\Local\openvr\openvrpaths.vrpath
1529996981246	Marionette	INFO	Listening on port 65444
1529996981317	Marionette	WARN	TLS certificate errors will be ignored for this session
Unable to read VR Path Registry from C:\Users\ca_nc\AppData\Local\openvr\openvrpaths.vrpath
JavaScript error: https://ss1.bdstatic.com/5eN1bjq8AAUYm2zgoY3K/r/www/cache/static/protocol/https/plugins/every_cookie_4644b13.js, line 4: ReferenceError: c is not defined
JavaScript error: https://sp0.baidu.com/5a1Fazu8AA54nxGko9WTAnF6hhy/su?wd=seleniumpytho&json=1&p=3&sid=1453_21113_26350_22075&req=2&csor=13&pwd=seleniumpyth&cb=jQuery110203353121977904442_1529996982006&_=1529996982020, line 1: TypeError: jQuery110203353121977904442_1529996982006 is not a function
JavaScript error: https://sp0.baidu.com/5a1Fazu8AA54nxGko9WTAnF6hhy/su?wd=seleniumpyth&json=1&p=3&sid=1453_21113_26350_22075&req=2&csor=12&pwd=seleniumpyt&cb=jQuery110203353121977904442_1529996982006&_=1529996982019, line 1: TypeError: jQuery110203353121977904442_1529996982006 is not a function
JavaScript error: https://sp0.baidu.com/5a1Fazu8AA54nxGko9WTAnF6hhy/su?wd=seleniumpython&json=1&p=3&sid=1453_21113_26350_22075&req=2&csor=14&pwd=seleniumpytho&cb=jQuery110203353121977904442_1529996982006&_=1529996982021, line 1: TypeError: jQuery110203353121977904442_1529996982006 is not a function
[Child 67692, Chrome_ChildThread] WARNING: pipe error: 109: file z:/build/build/src/ipc/chromium/src/chrome/common/ipc_channel_win.cc, line 346
[Child 67692,[Child 2980, Chrome_ChildThread] WARNING: pipe error: 109: file z:/build/build/src/ipc/chromium/src/chrome/common/ipc_channel_win.cc, line 346
[Child 2980, Chrom[Parent 113824, Gecko_IOThread] WARNING: pipe error: 109: file z:/build/build/src/ipc/chromium/src/chrome/common/ipc_channel_win.cc, line 346
[*** UTM:SVC TimerManager:registerTimer called after profile-before-change notification. Ignoring timer registration for id: telemetry_modules_ping
[GPU 122056, Chrome
###!!! [Child][MessageChannel::SendAndWait] Error: Channel error: cannot send/recv

1529997007856	geckodriver	INFO	geckodriver 0.21.0
1529997007876	geckodriver	INFO	Listening on 127.0.0.1:49164
1529997010886	mozrunner::runner	INFO	Running command: "d:\\Program Files (x86)\\Mozilla Firefox\\firefox.exe" "-marionette" "-foreground" "-no-remote" "-profile" "C:\\Users\\ca_nc\\AppData\\Local\\Temp\\rust_mozprofile.TSjQdNfLqPJz"
Unable to read VR Path Registry from C:\Users\ca_nc\AppData\Local\openvr\openvrpaths.vrpath
Unable to read VR Path Registry from C:\Users\ca_nc\AppData\Local\openvr\openvrpaths.vrpath
Unable to read VR Path Registry from C:\Users\ca_nc\AppData\Local\openvr\openvrpaths.vrpath
Unable to read VR Path Registry from C:\Users\ca_nc\AppData\Local\openvr\openvrpaths.vrpath
1529997013033	Marionette	INFO	Listening on port 49176
1529997013110	Marionette	WARN	TLS certificate errors will be ignored for this session
Unable to read VR Path Registry from C:\Users\ca_nc\AppData\Local\openvr\openvrpaths.vrpath
JavaScript error: https://ss1.bdstatic.com/5eN1bjq8AAUYm2zgoY3K/r/www/cache/static/protocol/https/plugins/every_cookie_4644b13.js, line 4: ReferenceError: c is not defined
JavaScript error: https://sp0.baidu.com/5a1Fazu8AA54nxGko9WTAnF6hhy/su?wd=seleniumpython&json=1&p=3&sid=1460_21121_22074&req=2&csor=14&pwd=seleniumpytho&cb=jQuery1102048940265373479364_1529997013766&_=1529997013781, line 1: TypeError: jQuery1102048940265373479364_1529997013766 is not a function
[Parent 25076, Gecko_IOThread] WARNING: pipe error: 109: file z:/build/build/src/ipc/chromium/src/chrome/common/ipc_channel_win.cc, line 346
[Child 43524, Chrome_ChildThread] WARNING: pipe error: 109: file z:/build/build/src/ipc/chromium/src/chrome/common/ipc_channel_win.cc, line 346
[Child 43524, Chro[Parent 25076, Gecko_IOThread] WARNING: pipe error: 109: file z:/build/build/src/ipc/chromium/src/chrome/common/ipc_channel_win.cc, line 346
*** UTM:SVC TimerManager:registerTimer called after profile-before-change notification. Ignoring timer registration for id: telemetry_modules_ping
[GPU 24440, Chrome_ChildTh
###!!! [Child][MessageChannel::SendAndWait] Error: Channel error: cannot send/recv

1529997042140	geckodriver	INFO	geckodriver 0.21.0
1529997042160	geckodriver	INFO	Listening on 127.0.0.1:49284
1529997045183	mozrunner::runner	INFO	Running command: "d:\\Program Files (x86)\\Mozilla Firefox\\firefox.exe" "-marionette" "-foreground" "-no-remote" "-profile" "C:\\Users\\ca_nc\\AppData\\Local\\Temp\\rust_mozprofile.LpfY7btmblGS"
Unable to read VR Path Registry from C:\Users\ca_nc\AppData\Local\openvr\openvrpaths.vrpath
Unable to read VR Path Registry from C:\Users\ca_nc\AppData\Local\openvr\openvrpaths.vrpath
Unable to read VR Path Registry from C:\Users\ca_nc\AppData\Local\openvr\openvrpaths.vrpath
Unable to read VR Path Registry from C:\Users\ca_nc\AppData\Local\openvr\openvrpaths.vrpath
1529997047356	Marionette	INFO	Listening on port 49296
1529997047428	Marionette	WARN	TLS certificate errors will be ignored for this session
Unable to read VR Path Registry from C:\Users\ca_nc\AppData\Local\openvr\openvrpaths.vrpath
JavaScript error: https://ss1.bdstatic.com/5eN1bjq8AAUYm2zgoY3K/r/www/cache/static/protocol/https/plugins/every_cookie_4644b13.js, line 4: ReferenceError: c is not defined
[Parent 51116, Gecko_IOThread] WARNING: pipe error: 109: file z:/build/build/src/ipc/chromium/src/chrome/common/ipc_channel_win.cc, line 346
[Child 50060, Chrome_ChildThread] WARNING: pipe error: 109: file z:/build/build/src/ipc/chromium/src/chrome/common/ipc_channel_win.cc, line 346
[Child 500[Parent 51116, Gecko_IOThread] WARNING: pipe error: 109: file z:/build/build/src/ipc/chromium/src/chrome/common/ipc_channel_win.cc, line 346
[Child 24600, Chrome_ChildThread] WARNING: pipe error: 109: file z:/build/build/src/ipc/chromium/src/chrome/common/ipc_channel_win.cc, line 346
[Child 24600, Chr[Parent 51116, Gecko_IOThread] WARNING: pipe error: 109: file z:/build/build/src/ipc/chromium/src/chrome/common/ipc_channel_win.cc, line 346
*** UTM:SVC TimerManager:registerTimer called after profile-before-change notification. Ignoring timer registration for id: telemetry_modules_ping
[GPU 28384, Chro
###!!! [Child][MessageChannel::SendAndWait] Error: Channel error: cannot send/recv

1529997286506	geckodriver	INFO	geckodriver 0.21.0
1529997286529	geckodriver	INFO	Listening on 127.0.0.1:49866
1529997289548	mozrunner::runner	INFO	Running command: "d:\\Program Files (x86)\\Mozilla Firefox\\firefox.exe" "-marionette" "-foreground" "-no-remote" "-profile" "C:\\Users\\ca_nc\\AppData\\Local\\Temp\\rust_mozprofile.qs7qmnMSY1Ab"
Unable to read VR Path Registry from C:\Users\ca_nc\AppData\Local\openvr\openvrpaths.vrpath
Unable to read VR Path Registry from C:\Users\ca_nc\AppData\Local\openvr\openvrpaths.vrpath
Unable to read VR Path Registry from C:\Users\ca_nc\AppData\Local\openvr\openvrpaths.vrpath
Unable to read VR Path Registry from C:\Users\ca_nc\AppData\Local\openvr\openvrpaths.vrpath
1529997291668	Marionette	INFO	Listening on port 49878
1529997291675	Marionette	WARN	TLS certificate errors will be ignored for this session
Unable to read VR Path Registry from C:\Users\ca_nc\AppData\Local\openvr\openvrpaths.vrpath
[Child 31384, Chrome_ChildThread] WARNING: pipe error: 109: file z:/build/build/src/ipc/chromium/src/chrome/common/ipc_channel_win.cc, line 346
[Child 313[Child 19188, Chrome_ChildThread] WARNING: pipe error: 109: file z:/build/build/src/ipc/chromium/src/chrome/common/ipc_channel_win.cc, line 346
[Parent 39352, Gecko_IOThread] WARNING: pipe error: 109: file z:/build/build/src/ipc/chromium/src/chrome/common/ipc_channel_win.cc, line 346
*** UTM:SVC TimerManager:registerTimer called after profile-before-change notification. Ignoring timer registration for id: telemetry_modules_ping
[GPU 22724, Chrome_C
###!!! [Child][MessageChannel::SendAndWait] Error: Channel error: cannot send/recv

1529997326949	geckodriver	INFO	geckodriver 0.21.0
1529997326977	geckodriver	INFO	Listening on 127.0.0.1:49974
1529997329979	mozrunner::runner	INFO	Running command: "d:\\Program Files (x86)\\Mozilla Firefox\\firefox.exe" "-marionette" "-foreground" "-no-remote" "-profile" "C:\\Users\\ca_nc\\AppData\\Local\\Temp\\rust_mozprofile.8EXOqIWO03Hi"
Unable to read VR Path Registry from C:\Users\ca_nc\AppData\Local\openvr\openvrpaths.vrpath
Unable to read VR Path Registry from C:\Users\ca_nc\AppData\Local\openvr\openvrpaths.vrpath
Unable to read VR Path Registry from C:\Users\ca_nc\AppData\Local\openvr\openvrpaths.vrpath
Unable to read VR Path Registry from C:\Users\ca_nc\AppData\Local\openvr\openvrpaths.vrpath
1529997332110	Marionette	INFO	Listening on port 49987
1529997332199	Marionette	WARN	TLS certificate errors will be ignored for this session
Unable to read VR Path Registry from C:\Users\ca_nc\AppData\Local\openvr\openvrpaths.vrpath
[Child 23404, Chrome_ChildThread] WARNING[:Parent  1p04848, Gecko_IOThreadipe error: 109: file z:/build/build/src/ipc/chromium/src/chrome/common/ipc_channel_win.cc, line 346]
 WARNING: pipe error: 109: file z:/build/build/src/ipc/chromium/src/chrome/common/ipc_channel_win.cc, line 346
[Child 24612, Chrome_ChildThread] WARNING: pipe error: 109: file z:/build/build/src/ipc/chromium/src/chrome/common/ipc_channel_win.cc, line 346
[Child 246[Parent 104848, Gecko_IOThread] WARNING: pipe error: 109: file z:/build/build/src/ipc/chromium/src/chrome/common/ipc_channel_win.cc, line 346
[Child 25524, Chrome_ChildThread] WARNING: pipe error: 109: file z:/build/build/src/ipc/chromium/src/chrome/common/ipc_channel_win.cc, line 346
[Child 25524,*** UTM:SVC TimerManager:registerTimer called after profile-before-change notification. Ignoring timer registration for id: telemetry_modules_ping

###!!! [Child][MessageChannel::SendAndWait] Error: Channel error: cannot send/recv

1529997350108	geckodriver	INFO	geckodriver 0.21.0
1529997350128	geckodriver	INFO	Listening on 127.0.0.1:50050
1529997353150	mozrunner::runner	INFO	Running command: "d:\\Program Files (x86)\\Mozilla Firefox\\firefox.exe" "-marionette" "-foreground" "-no-remote" "-profile" "C:\\Users\\ca_nc\\AppData\\Local\\Temp\\rust_mozprofile.iOG9LRdMqBVI"
Unable to read VR Path Registry from C:\Users\ca_nc\AppData\Local\openvr\openvrpaths.vrpath
Unable to read VR Path Registry from C:\Users\ca_nc\AppData\Local\openvr\openvrpaths.vrpath
Unable to read VR Path Registry from C:\Users\ca_nc\AppData\Local\openvr\openvrpaths.vrpath
Unable to read VR Path Registry from C:\Users\ca_nc\AppData\Local\openvr\openvrpaths.vrpath
1529997355292	Marionette	INFO	Listening on port 50062
1529997355380	Marionette	WARN	TLS certificate errors will be ignored for this session
Unable to read VR Path Registry from C:\Users\ca_nc\AppData\Local\openvr\openvrpaths.vrpath
Unable to read VR Path Registry from C:\Users\ca_nc\AppData\Local\openvr\openvrpaths.vrpath
[Parent 20608, Gecko_IOThread] WARNING: pipe error: 109: file z:/build/build/src/ipc/chromium/src/chrome/common/ipc_channel_win.cc, line 346
[Child 24400, Chrome_ChildThread] WARNING: pipe error: 109: file z:/build/build/src/ipc/chromium/src/chrome/common/ipc_channel_win.cc, line 346
[Child 24400, 1529997386238	addons.productaddons	WARN	Failed downloading via XHR, status: 0, reason: error
[Parent 20608, Gecko_IOThread] WARNING: pipe error: 109: file z:/build/build/src/ipc/chromium/src/chrome/common/ipc_channel_win.cc, line 346
[Child 23192, Chrome_ChildThread] WARNING: pipe error: 109: file z:/build/build/src/ipc/chromium/src/chrome/common/ipc_channel_win.cc, line 346
[Child 23192, Chrome_ChildThread] WARNING: pipe error: 109: file z:/build/build/src/ipc/chromium/src/chr[Parent 20608, Gecko_IOThread] WARNING: pipe error: 109: file z:/build/build/src/ipc/chromium/src/chrome/common/ipc_channel_win.cc, line 346
[Parent 20608, Gecko_IOThread] WARNING: pipe error: 109: file z:/build/build/src/ipc/chromium/src/chrome/common/ipc_channel_win.cc, line 346
[Child 88628, Chrome_ChildThread] WARNING: pipe error: 109: file z:/build/build/src/ipc/chromium/src/chrome/common/ipc_channel_win.cc, line 346
[Child 886[Child 19592, Chrome_ChildThread] WARNING: pipe error: 109: file z:/build/build/src/ipc/chromium/src/chrome/common/ipc_channel_win.cc, line 346
[Child 19592,*** UTM:SVC TimerManager:registerTimer called after profile-before-change notification. Ignoring timer registration for id: telemetry_modules_ping
[GPU 259
###!!! [Child][MessageChannel::SendAndWait] Error: Channel error: cannot send/recv

1529997399696	geckodriver	INFO	geckodriver 0.21.0
1529997399718	geckodriver	INFO	Listening on 127.0.0.1:50172
1529997402738	mozrunner::runner	INFO	Running command: "d:\\Program Files (x86)\\Mozilla Firefox\\firefox.exe" "-marionette" "-foreground" "-no-remote" "-profile" "C:\\Users\\ca_nc\\AppData\\Local\\Temp\\rust_mozprofile.Nq14HmUu5ytZ"
Unable to read VR Path Registry from C:\Users\ca_nc\AppData\Local\openvr\openvrpaths.vrpath
Unable to read VR Path Registry from C:\Users\ca_nc\AppData\Local\openvr\openvrpaths.vrpath
Unable to read VR Path Registry from C:\Users\ca_nc\AppData\Local\openvr\openvrpaths.vrpath
Unable to read VR Path Registry from C:\Users\ca_nc\AppData\Local\openvr\openvrpaths.vrpath
1529997404899	Marionette	INFO	Listening on port 50185
1529997404979	Marionette	WARN	TLS certificate errors will be ignored for this session
Unable to read VR Path Registry from C:\Users\ca_nc\AppData\Local\openvr\openvrpaths.vrpath
[Child 22120, Chrome_ChildThread] WARNING: pipe error: 109: file z:/build/build/src/ipc/chromium/src/chrome/common/ipc_channel_win.cc, line 346
[Child 29032, Chrome_ChildThread] WARNING: pipe error: 109: file z:/build/build/src/ipc/chromium/src/chrome/common/ipc_channel_win.cc, line 346
[Child 29032, Chrome_Child[Parent 61424, Gecko_IOThread] WARNING: pipe error: 109: file z:/build/build/src/ipc/chromium/src/chrome/common/ipc_channel_win.cc, line 346
[GPU 18416, C
###!!! [Child][MessageChannel::SendAndWait] Error: Channel error: cannot send/recv

1529998010484	geckodriver	INFO	geckodriver 0.21.0
1529998010507	geckodriver	INFO	Listening on 127.0.0.1:51187
1529998013525	mozrunner::runner	INFO	Running command: "d:\\Program Files (x86)\\Mozilla Firefox\\firefox.exe" "-marionette" "-foreground" "-no-remote" "-profile" "C:\\Users\\ca_nc\\AppData\\Local\\Temp\\rust_mozprofile.hTukVGyKDQ3a"
Unable to read VR Path Registry from C:\Users\ca_nc\AppData\Local\openvr\openvrpaths.vrpath
Unable to read VR Path Registry from C:\Users\ca_nc\AppData\Local\openvr\openvrpaths.vrpath
Unable to read VR Path Registry from C:\Users\ca_nc\AppData\Local\openvr\openvrpaths.vrpath
Unable to read VR Path Registry from C:\Users\ca_nc\AppData\Local\openvr\openvrpaths.vrpath
1529998015724	Marionette	INFO	Listening on port 51199
1529998015773	Marionette	WARN	TLS certificate errors will be ignored for this session
Unable to read VR Path Registry from C:\Users\ca_nc\AppData\Local\openvr\openvrpaths.vrpath
[Parent 142292, Gecko_IOThread] WARNING: pipe error: 109: file z:/build/build/src/ipc/chromium/src/chrome/common/ipc_channel_win.cc, line 346
[Parent 142292, Gecko_IOThread] WARNING: pipe error: 109: file z:/build/build/src/ipc/chromium/src/chrome/common/ipc_channel_win.cc, line 346
[Child 16484, Chrome_ChildThread] WARNING: pipe error: 109: file z:/build/build/src/ipc/chromium/src/chrome/common/ipc_channel_win.cc, line 346[Child 142624, Chrome_ChildThread] WARNING: pipe error: 109: file z:/build/build/src/ipc/chromium/src/chrome/common/ipc_channel_win.cc, line 346

[Child 16[Child *** UTM:SVC TimerManager:registerTimer called after profile-before-change notification. Ignoring timer registration for id: telemetry_modules_ping
[GPU 19756, Chr
###!!! [Child][MessageChannel::SendAndWait] Error: Channel error: cannot send/recv

1529998069893	geckodriver	INFO	geckodriver 0.21.0
1529998069913	geckodriver	INFO	Listening on 127.0.0.1:51317
1529998072933	mozrunner::runner	INFO	Running command: "d:\\Program Files (x86)\\Mozilla Firefox\\firefox.exe" "-marionette" "-foreground" "-no-remote" "-profile" "C:\\Users\\ca_nc\\AppData\\Local\\Temp\\rust_mozprofile.tItkEhhfjlwb"
Unable to read VR Path Registry from C:\Users\ca_nc\AppData\Local\openvr\openvrpaths.vrpath
Unable to read VR Path Registry from C:\Users\ca_nc\AppData\Local\openvr\openvrpaths.vrpath
Unable to read VR Path Registry from C:\Users\ca_nc\AppData\Local\openvr\openvrpaths.vrpath
Unable to read VR Path Registry from C:\Users\ca_nc\AppData\Local\openvr\openvrpaths.vrpath
1529998075055	Marionette	INFO	Listening on port 51329
1529998075148	Marionette	WARN	TLS certificate errors will be ignored for this session
Unable to read VR Path Registry from C:\Users\ca_nc\AppData\Local\openvr\openvrpaths.vrpath
JavaScript error: https://ss1.bdstatic.com/5eN1bjq8AAUYm2zgoY3K/r/www/cache/static/protocol/https/plugins/every_cookie_4644b13.js, line 4: ReferenceError: c is not defined
[Parent 1528, Gecko_IOThread] WARNING: pipe error: 109: file z:/build/build/src/ipc/chromium/src/chrome/common/ipc_channel_win.cc, line 346
[Child 141436, Chrome_ChildThread] WARNING: pipe error: 109: file z:/build/build/src/ipc/chromium/src/chrome/common/ipc_channel_win.cc, line 346
[Child 1414[Child 25444, Chrome_ChildThread] WARNING: pipe error: 109: file z:/build/build/src/ipc/chromium/src/chrome/common/ipc_channel_win.cc, line 346
[Child 25444, Chr[Parent 1528, Gecko_IOThread] WARNING: pipe error: 109: file z:/build/build/src/ipc/chromium/src/chrome/common/ipc_channel_win.cc, line 346
*** UTM:SVC TimerManager:registerTimer called after profile-before-change notification. Ignoring timer registration for id: telemetry_modules_ping
[GPU 29140, Chr
###!!! [Child][MessageChannel::SendAndWait] Error: Channel error: cannot send/recv

1529998104397	geckodriver	INFO	geckodriver 0.21.0
1529998104417	geckodriver	INFO	Listening on 127.0.0.1:51450
1529998107448	mozrunner::runner	INFO	Running command: "d:\\Program Files (x86)\\Mozilla Firefox\\firefox.exe" "-marionette" "-foreground" "-no-remote" "-profile" "C:\\Users\\ca_nc\\AppData\\Local\\Temp\\rust_mozprofile.EIfHoNOOGQIu"
Unable to read VR Path Registry from C:\Users\ca_nc\AppData\Local\openvr\openvrpaths.vrpath
Unable to read VR Path Registry from C:\Users\ca_nc\AppData\Local\openvr\openvrpaths.vrpath
Unable to read VR Path Registry from C:\Users\ca_nc\AppData\Local\openvr\openvrpaths.vrpath
Unable to read VR Path Registry from C:\Users\ca_nc\AppData\Local\openvr\openvrpaths.vrpath
1529998109677	Marionette	INFO	Listening on port 51464
Unable to read VR Path Registry from C:\Users\ca_nc\AppData\Local\openvr\openvrpaths.vrpath
1529998110165	Marionette	WARN	TLS certificate errors will be ignored for this session
JavaScript error: https://ss1.bdstatic.com/5eN1bjq8AAUYm2zgoY3K/r/www/cache/static/protocol/https/plugins/every_cookie_4644b13.js, line 4: ReferenceError: c is not defined
[Child 138848, Chrome_ChildThread] WARNING: pipe error: 109: file z:/build/build/src/ipc/chromium/src/chrome/common/ipc_channel_win.cc, line 346
[Child 138848, Chrome
###!!! [Child][MessageChannel] Error: (msgtype=0x2C0094,name=PContent::Msg_StartVisitedQuery) Channel closing: too late to send/recv, messages will be lost

[Child 29712, Chrome_ChildThread] WARNING: pipe error: 109: file z:/build/build/src/ipc/chromium/src/chrome/common/ipc_channel_win.cc, line 346

###!!! [Child][MessageChannel] Error: (msgtype=0x2C0094,name=PContent::Msg_StartVisitedQuery) Channel closing: too late to send/recv, messages will be lost

[Child 29712, Chrome_ChildThread] WARNING: pipe error: 109: file z:/build/build/src/ipc/chromium/src/chrome/common/ipc_channel_win.cc, line 346

###!!! [Child][MessageChannel] Error: (msgtype=0x2C0094,name=PContent::Msg_StartVisitedQuery) Channel closing: too late to send/recv, messages will be lost


###!!! [Child][MessageChannel] Error: (msgtype=0x2C0094,name=PContent::Msg_StartVisitedQuery) Channel closing: too late to send/recv, messages will be lost


###!!! [Child][MessageChannel] Error: (msgtype=0x2C0094,name=PContent::Msg_StartVisitedQuery) Channel closing: too late to send/recv, messages will be lost


###!!! [Child][MessageChannel] Error: (msgtype=0x2C0094,name=PContent::Msg_StartVisitedQuery) Channel closing: too late to send/recv, messages will be lost


###!!! [Child][MessageChannel] Error: (msgtype=0x2C0094,name=PContent::Msg_StartVisitedQuery) Channel closing: too late to send/recv, messages will be lost


###!!! [Child][MessageChannel] Error: (msgtype=0x2C0094,name=PContent::Msg_StartVisitedQuery) Channel closing: too late to send/recv, messages will be lost


###!!! [Child][MessageChannel] Error: (msgtype=0x2C0094,name=PContent::Msg_StartVisitedQuery) Channel closing: too late to send/recv, messages will be lost


###!!! [Child][MessageChannel] Error: (msgtype=0x2C0094,name=PContent::Msg_StartVisitedQuery) Channel closing: too late to send/recv, messages will be lost


###!!! [Child][MessageChannel] Error: (msgtype=0x2C0094,name=PContent::Msg_StartVisitedQuery) Channel closing: too late to send/recv, messages will be lost


###!!! [Child][MessageChannel] Error: (msgtype=0x2C0094,name=PContent::Msg_StartVisitedQuery) Channel closing: too late to send/recv, messages will be lost


###!!! [Child][MessageChannel] Error: (msgtype=0x2C0094,name=PContent::Msg_StartVisitedQuery) Channel closing: too late to send/recv, messages will be lost


###!!! [Child][MessageChannel] Error: (msgtype=0x2C0094,name=PContent::Msg_StartVisitedQuery) Channel closing: too late to send/recv, messages will be lost


###!!! [Child][MessageChannel] Error: (msgtype=0x2C0094,name=PContent::Msg_StartVisitedQuery) Channel closing: too late to send/recv, messages will be lost


###!!! [Child][MessageChannel] Error: (msgtype=0x2C0094,name=PContent::Msg_StartVisitedQuery) Channel closing: too late to send/recv, messages will be lost


###!!! [Child][MessageChannel] Error: (msgtype=0x2C0094,name=PContent::Msg_StartVisitedQuery) Channel closing: too late to send/recv, messages will be lost


###!!! [Child][MessageChannel] Error: (msgtype=0x2C0094,name=PContent::Msg_StartVisitedQuery) Channel closing: too late to send/recv, messages will be lost


###!!! [Child][MessageChannel] Error: (msgtype=0x2C0094,name=PContent::Msg_StartVisitedQuery) Channel closing: too late to send/recv, messages will be lost


###!!! [Child][MessageChannel] Error: (msgtype=0x2C0094,name=PContent::Msg_StartVisitedQuery) Channel closing: too late to send/recv, messages will be lost


###!!! [Child][MessageChannel] Error: (msgtype=0x2C0094,name=PContent::Msg_StartVisitedQuery) Channel closing: too late to send/recv, messages will be lost


###!!! [Child][MessageChannel] Error: (msgtype=0x2C0094,name=PContent::Msg_StartVisitedQuery) Channel closing: too late to send/recv, messages will be lost


###!!! [Child][MessageChannel] Error: (msgtype=0x2C0094,name=PContent::Msg_StartVisitedQuery) Channel closing: too late to send/recv, messages will be lost


###!!! [Child][MessageChannel] Error: (msgtype=0x2C0094,name=PContent::Msg_StartVisitedQuery) Channel closing: too late to send/recv, messages will be lost


###!!! [Child][MessageChannel] Error: (msgtype=0x2C0094,name=PContent::Msg_StartVisitedQuery) Channel closing: too late to send/recv, messages will be lost


###!!! [Child][MessageChannel] Error: (msgtype=0x2C0094,name=PContent::Msg_StartVisitedQuery) Channel closing: too late to send/recv, messages will be lost


###!!! [Child][MessageChannel] Error: (msgtype=0x2C0094,name=PContent::Msg_StartVisitedQuery) Channel closing: too late to send/recv, messages will be lost


###!!! [Child][MessageChannel] Error: (msgtype=0x2C0094,name=PContent::Msg_StartVisitedQuery) Channel closing: too late to send/recv, messages will be lost


###!!! [Child][MessageChannel] Error: (msgtype=0x2C0094,name=PContent::Msg_StartVisitedQuery) Channel closing: too late to send/recv, messages will be lost


###!!! [Child][MessageChannel] Error: (msgtype=0x2C0094,name=PContent::Msg_StartVisitedQuery) Channel closing: too late to send/recv, messages will be lost


###!!! [Child][MessageChannel] Error: (msgtype=0x2C0094,name=PContent::Msg_StartVisitedQuery) Channel closing: too late to send/recv, messages will be lost


###!!! [Child][MessageChannel] Error: (msgtype=0x2C0094,name=PContent::Msg_StartVisitedQuery) Channel closing: too late to send/recv, messages will be lost


###!!! [Child][MessageChannel] Error: (msgtype=0x2C0094,name=PContent::Msg_StartVisitedQuery) Channel closing: too late to send/recv, messages will be lost


###!!! [Child][MessageChannel] Error: (msgtype=0x2C0094,name=PContent::Msg_StartVisitedQuery) Channel closing: too late to send/recv, messages will be lost


###!!! [Child][MessageChannel] Error: (msgtype=0x2C0094,name=PContent::Msg_StartVisitedQuery) Channel closing: too late to send/recv, messages will be lost


###!!! [Child][MessageChannel] Error: (msgtype=0x2C0094,name=PContent::Msg_StartVisitedQuery) Channel closing: too late to send/recv, messages will be lost


###!!! [Child][MessageChannel] Error: (msgtype=0x2C0094,name=PContent::Msg_StartVisitedQuery) Channel closing: too late to send/recv, messages will be lost


###!!! [Child][MessageChannel] Error: (msgtype=0x2C0094,name=PContent::Msg_StartVisitedQuery) Channel closing: too late to send/recv, messages will be lost


###!!! [Child][MessageChannel] Error: (msgtype=0x2C0094,name=PContent::Msg_StartVisitedQuery) Channel closing: too late to send/recv, messages will be lost


###!!! [Child][MessageChannel] Error: (msgtype=0x2C0094,name=PContent::Msg_StartVisitedQuery) Channel closing: too late to send/recv, messages will be lost


###!!! [Child][MessageChannel] Error: (msgtype=0x2C0094,name=PContent::Msg_StartVisitedQuery) Channel closing: too late to send/recv, messages will be lost


###!!! [Child][MessageChannel] Error: (msgtype=0x2C0094,name=PContent::Msg_StartVisitedQuery) Channel closing: too late to send/recv, messages will be lost


###!!! [Child][MessageChannel] Error: (msgtype=0x2C0094,name=PContent::Msg_StartVisitedQuery) Channel closing: too late to send/recv, messages will be lost


###!!! [Child][MessageChannel] Error: (msgtype=0x2C0094,name=PContent::Msg_StartVisitedQuery) Channel closing: too late to send/recv, messages will be lost


###!!! [Child][MessageChannel] Error: (msgtype=0x2C0094,name=PContent::Msg_StartVisitedQuery) Channel closing: too late to send/recv, messages will be lost


###!!! [Child][MessageChannel] Error: (msgtype=0x2C0094,name=PContent::Msg_StartVisitedQuery) Channel closing: too late to send/recv, messages will be lost


###!!! [Child][MessageChannel] Error: (msgtype=0x2C0094,name=PContent::Msg_StartVisitedQuery) Channel closing: too late to send/recv, messages will be lost


###!!! [Child][MessageChannel] Error: (msgtype=0x2C0094,name=PContent::Msg_StartVisitedQuery) Channel closing: too late to send/recv, messages will be lost


###!!! [Child][MessageChannel] Error: (msgtype=0x2C0094,name=PContent::Msg_StartVisitedQuery) Channel closing: too late to send/recv, messages will be lost


###!!! [Child][MessageChannel] Error: (msgtype=0x2C0094,name=PContent::Msg_StartVisitedQuery) Channel closing: too late to send/recv, messages will be lost


###!!! [Child][MessageChannel] Error: (msgtype=0x2C0094,name=PContent::Msg_StartVisitedQuery) Channel closing: too late to send/recv, messages will be lost


###!!! [Child][MessageChannel] Error: (msgtype=0x2C0094,name=PContent::Msg_StartVisitedQuery) Channel closing: too late to send/recv, messages will be lost


###!!! [Child][MessageChannel] Error: (msgtype=0x2C0094,name=PContent::Msg_StartVisitedQuery) Channel closing: too late to send/recv, messages will be lost


###!!! [Child][MessageChannel] Error: (msgtype=0x2C0094,name=PContent::Msg_StartVisitedQuery) Channel closing: too late to send/recv, messages will be lost


###!!! [Child][MessageChannel] Error: (msgtype=0x2C0094,name=PContent::Msg_StartVisitedQuery) Channel closing: too late to send/recv, messages will be lost


###!!! [Child][MessageChannel] Error: (msgtype=0x2C0094,name=PContent::Msg_StartVisitedQuery) Channel closing: too late to send/recv, messages will be lost


###!!! [Child][MessageChannel] Error: (msgtype=0x2C0094,name=PContent::Msg_StartVisitedQuery) Channel closing: too late to send/recv, messages will be lost


###!!! [Child][MessageChannel] Error: (msgtype=0x2C0094,name=PContent::Msg_StartVisitedQuery) Channel closing: too late to send/recv, messages will be lost


###!!! [Child][MessageChannel] Error: (msgtype=0x2C0094,name=PContent::Msg_StartVisitedQuery) Channel closing: too late to send/recv, messages will be lost


###!!! [Child][MessageChannel] Error: (msgtype=0x2C0094,name=PContent::Msg_StartVisitedQuery) Channel closing: too late to send/recv, messages will be lost


###!!! [Child][MessageChannel] Error: (msgtype=0x2C0094,name=PContent::Msg_StartVisitedQuery) Channel closing: too late to send/recv, messages will be lost


###!!! [Child][MessageChannel] Error: (msgtype=0x2C0094,name=PContent::Msg_StartVisitedQuery) Channel closing: too late to send/recv, messages will be lost


###!!! [Child][MessageChannel] Error: (msgtype=0x2C0094,name=PContent::Msg_StartVisitedQuery) Channel closing: too late to send/recv, messages will be lost


###!!! [Child][MessageChannel] Error: (msgtype=0x2C0094,name=PContent::Msg_StartVisitedQuery) Channel closing: too late to send/recv, messages will be lost


###!!! [Child][MessageChannel] Error: (msgtype=0x2C0094,name=PContent::Msg_StartVisitedQuery) Channel closing: too late to send/recv, messages will be lost


###!!! [Child][MessageChannel] Error: (msgtype=0x2C0094,name=PContent::Msg_StartVisitedQuery) Channel closing: too late to send/recv, messages will be lost


###!!! [Child][MessageChannel] Error: (msgtype=0x2C0094,name=PContent::Msg_StartVisitedQuery) Channel closing: too late to send/recv, messages will be lost


###!!! [Child][MessageChannel] Error: (msgtype=0x2C0094,name=PContent::Msg_StartVisitedQuery) Channel closing: too late to send/recv, messages will be lost


###!!! [Child][MessageChannel] Error: (msgtype=0x2C0094,name=PContent::Msg_StartVisitedQuery) Channel closing: too late to send/recv, messages will be lost


###!!! [Child][MessageChannel] Error: (msgtype=0x2C0094,name=PContent::Msg_StartVisitedQuery) Channel closing: too late to send/recv, messages will be lost


###!!! [Child][MessageChannel] Error: (msgtype=0x2C0094,name=PContent::Msg_StartVisitedQuery) Channel closing: too late to send/recv, messages will be lost


###!!! [Child][MessageChannel] Error: (msgtype=0x2C0094,name=PContent::Msg_StartVisitedQuery) Channel closing: too late to send/recv, messages will be lost


###!!! [Child][MessageChannel] Error: (msgtype=0x2C0094,name=PContent::Msg_StartVisitedQuery) Channel closing: too late to send/recv, messages will be lost


###!!! [Child][MessageChannel] Error: (msgtype=0x2C0094,name=PContent::Msg_StartVisitedQuery) Channel closing: too late to send/recv, messages will be lost


###!!! [Child][MessageChannel] Error: (msgtype=0x2C0094,name=PContent::Msg_StartVisitedQuery) Channel closing: too late to send/recv, messages will be lost


###!!! [Child][MessageChannel] Error: (msgtype=0x2C0094,name=PContent::Msg_StartVisitedQuery) Channel closing: too late to send/recv, messages will be lost


###!!! [Child][MessageChannel] Error: (msgtype=0x2C0094,name=PContent::Msg_StartVisitedQuery) Channel closing: too late to send/recv, messages will be lost


###!!! [Child][MessageChannel] Error: (msgtype=0x2C0094,name=PContent::Msg_StartVisitedQuery) Channel closing: too late to send/recv, messages will be lost


###!!! [Child][MessageChannel] Error: (msgtype=0x2C0094,name=PContent::Msg_StartVisitedQuery) Channel closing: too late to send/recv, messages will be lost


###!!! [Child][MessageChannel] Error: (msgtype=0x2C0094,name=PContent::Msg_StartVisitedQuery) Channel closing: too late to send/recv, messages will be lost


###!!! [Child][MessageChannel] Error: (msgtype=0x2C0094,name=PContent::Msg_StartVisitedQuery) Channel closing: too late to send/recv, messages will be lost


###!!! [Child][MessageChannel] Error: (msgtype=0x2C0094,name=PContent::Msg_StartVisitedQuery) Channel closing: too late to send/recv, messages will be lost


###!!! [Child][MessageChannel] Error: (msgtype=0x2C0094,name=PContent::Msg_StartVisitedQuery) Channel closing: too late to send/recv, messages will be lost


###!!! [Child][MessageChannel] Error: (msgtype=0x2C0094,name=PContent::Msg_StartVisitedQuery) Channel closing: too late to send/recv, messages will be lost


###!!! [Child][MessageChannel] Error: (msgtype=0x2C0094,name=PContent::Msg_StartVisitedQuery) Channel closing: too late to send/recv, messages will be lost


###!!! [Child][MessageChannel] Error: (msgtype=0x2C0094,name=PContent::Msg_StartVisitedQuery) Channel closing: too late to send/recv, messages will be lost


###!!! [Child][MessageChannel] Error: (msgtype=0x2C0094,name=PContent::Msg_StartVisitedQuery) Channel closing: too late to send/recv, messages will be lost


###!!! [Child][MessageChannel] Error: (msgtype=0x2C0094,name=PContent::Msg_StartVisitedQuery) Channel closing: too late to send/recv, messages will be lost


###!!! [Child][MessageChannel] Error: (msgtype=0x2C0094,name=PContent::Msg_StartVisitedQuery) Channel closing: too late to send/recv, messages will be lost


###!!! [Child][MessageChannel] Error: (msgtype=0x2C0094,name=PContent::Msg_StartVisitedQuery) Channel closing: too late to send/recv, messages will be lost


###!!! [Child][MessageChannel] Error: (msgtype=0x2C0094,name=PContent::Msg_StartVisitedQuery) Channel closing: too late to send/recv, messages will be lost


###!!! [Child][MessageChannel] Error: (msgtype=0x2C0094,name=PContent::Msg_StartVisitedQuery) Channel closing: too late to send/recv, messages will be lost


###!!! [Child][MessageChannel] Error: (msgtype=0x2C0094,name=PContent::Msg_StartVisitedQuery) Channel closing: too late to send/recv, messages will be lost


###!!! [Child][MessageChannel] Error: (msgtype=0x2C0094,name=PContent::Msg_StartVisitedQuery) Channel closing: too late to send/recv, messages will be lost


###!!! [Child][MessageChannel] Error: (msgtype=0x2C0094,name=PContent::Msg_StartVisitedQuery) Channel closing: too late to send/recv, messages will be lost


###!!! [Child][MessageChannel] Error: (msgtype=0x2C0094,name=PContent::Msg_StartVisitedQuery) Channel closing: too late to send/recv, messages will be lost


###!!! [Child][MessageChannel] Error: (msgtype=0x2C0094,name=PContent::Msg_StartVisitedQuery) Channel closing: too late to send/recv, messages will be lost


###!!! [Child][MessageChannel] Error: (msgtype=0x2C0094,name=PContent::Msg_StartVisitedQuery) Channel closing: too late to send/recv, messages will be lost


###!!! [Child][MessageChannel] Error: (msgtype=0x2C0094,name=PContent::Msg_StartVisitedQuery) Channel closing: too late to send/recv, messages will be lost


###!!! [Child][MessageChannel] Error: (msgtype=0x2C0094,name=PContent::Msg_StartVisitedQuery) Channel closing: too late to send/recv, messages will be lost


###!!! [Child][MessageChannel] Error: (msgtype=0x2C0094,name=PContent::Msg_StartVisitedQuery) Channel closing: too late to send/recv, messages will be lost


###!!! [Child][MessageChannel] Error: (msgtype=0x2C0094,name=PContent::Msg_StartVisitedQuery) Channel closing: too late to send/recv, messages will be lost


###!!! [Child][MessageChannel] Error: (msgtype=0x2C0094,name=PContent::Msg_StartVisitedQuery) Channel closing: too late to send/recv, messages will be lost


###!!! [Child][MessageChannel] Error: (msgtype=0x2C0094,name=PContent::Msg_StartVisitedQuery) Channel closing: too late to send/recv, messages will be lost


###!!! [Child][MessageChannel] Error: (msgtype=0x2C0094,name=PContent::Msg_StartVisitedQuery) Channel closing: too late to send/recv, messages will be lost


###!!! [Child][MessageChannel] Error: (msgtype=0x2C0094,name=PContent::Msg_StartVisitedQuery) Channel closing: too late to send/recv, messages will be lost


###!!! [Child][MessageChannel] Error: (msgtype=0x2C0094,name=PContent::Msg_StartVisitedQuery) Channel closing: too late to send/recv, messages will be lost


###!!! [Child][MessageChannel] Error: (msgtype=0x2C0094,name=PContent::Msg_StartVisitedQuery) Channel closing: too late to send/recv, messages will be lost


###!!! [Child][MessageChannel] Error: (msgtype=0x2C0094,name=PContent::Msg_StartVisitedQuery) Channel closing: too late to send/recv, messages will be lost


###!!! [Child][MessageChannel] Error: (msgtype=0x2C0094,name=PContent::Msg_StartVisitedQuery) Channel closing: too late to send/recv, messages will be lost


###!!! [Child][MessageChannel] Error: (msgtype=0x2C0094,name=PContent::Msg_StartVisitedQuery) Channel closing: too late to send/recv, messages will be lost


###!!! [Child][MessageChannel] Error: (msgtype=0x2C0094,name=PContent::Msg_StartVisitedQuery) Channel closing: too late to send/recv, messages will be lost


###!!! [Child][MessageChannel] Error: (msgtype=0x2C0094,name=PContent::Msg_StartVisitedQuery) Channel closing: too late to send/recv, messages will be lost


###!!! [Child][MessageChannel] Error: (msgtype=0x2C0094,name=PContent::Msg_StartVisitedQuery) Channel closing: too late to send/recv, messages will be lost


###!!! [Child][MessageChannel] Error: (msgtype=0x2C0094,name=PContent::Msg_StartVisitedQuery) Channel closing: too late to send/recv, messages will be lost


###!!! [Child][MessageChannel] Error: (msgtype=0x2C0094,name=PContent::Msg_StartVisitedQuery) Channel closing: too late to send/recv, messages will be lost


###!!! [Child][MessageChannel] Error: (msgtype=0x2C0094,name=PContent::Msg_StartVisitedQuery) Channel closing: too late to send/recv, messages will be lost


###!!! [Child][MessageChannel] Error: (msgtype=0x2C0094,name=PContent::Msg_StartVisitedQuery) Channel closing: too late to send/recv, messages will be lost


###!!! [Child][MessageChannel] Error: (msgtype=0x2C0094,name=PContent::Msg_StartVisitedQuery) Channel closing: too late to send/recv, messages will be lost


###!!! [Child][MessageChannel] Error: (msgtype=0x2C0094,name=PContent::Msg_StartVisitedQuery) Channel closing: too late to send/recv, messages will be lost


###!!! [Child][MessageChannel] Error: (msgtype=0x2C0094,name=PContent::Msg_StartVisitedQuery) Channel closing: too late to send/recv, messages will be lost


###!!! [Child][MessageChannel] Error: (msgtype=0x2C0094,name=PContent::Msg_StartVisitedQuery) Channel closing: too late to send/recv, messages will be lost


###!!! [Child][MessageChannel] Error: (msgtype=0x2C0094,name=PContent::Msg_StartVisitedQuery) Channel closing: too late to send/recv, messages will be lost


###!!! [Child][MessageChannel] Error: (msgtype=0x2C0094,name=PContent::Msg_StartVisitedQuery) Channel closing: too late to send/recv, messages will be lost


###!!! [Child][MessageChannel] Error: (msgtype=0x2C0094,name=PContent::Msg_StartVisitedQuery) Channel closing: too late to send/recv, messages will be lost


###!!! [Child][MessageChannel] Error: (msgtype=0x2C0094,name=PContent::Msg_StartVisitedQuery) Channel closing: too late to send/recv, messages will be lost


###!!! [Child][MessageChannel] Error: (msgtype=0x2C0094,name=PContent::Msg_StartVisitedQuery) Channel closing: too late to send/recv, messages will be lost


###!!! [Child][MessageChannel] Error: (msgtype=0x2C0094,name=PContent::Msg_StartVisitedQuery) Channel closing: too late to send/recv, messages will be lost


###!!! [Child][MessageChannel] Error: (msgtype=0x2C0094,name=PContent::Msg_StartVisitedQuery) Channel closing: too late to send/recv, messages will be lost

[Parent 135508, Gecko_IOThread] WARNING: pipe error: 109: file z:/build/build/src/ipc/chromium/src/chrome/common/ipc_channel_win.cc, line 346
[Child 135440, Chrome_ChildThread] WARNING: pipe error: 109: file z:/build/build/src/ipc/chromium/src/chrome/common/ipc_channel_win.cc, line 346
[Child 135440,*** UTM:SVC TimerManager:registerTimer called after profile-before-change notification. Ignoring timer registration for id: telemetry_modules_ping

###!!! [Child][MessageChannel::SendAndWait] Error: Channel error: cannot send/recv

1530000851976	geckodriver	INFO	geckodriver 0.21.0
1530000851997	geckodriver	INFO	Listening on 127.0.0.1:52095
1530000855019	mozrunner::runner	INFO	Running command: "d:\\Program Files (x86)\\Mozilla Firefox\\firefox.exe" "-marionette" "-foreground" "-no-remote" "-profile" "C:\\Users\\ca_nc\\AppData\\Local\\Temp\\rust_mozprofile.vzRYS7C1gEz5"
Unable to read VR Path Registry from C:\Users\ca_nc\AppData\Local\openvr\openvrpaths.vrpath
Unable to read VR Path Registry from C:\Users\ca_nc\AppData\Local\openvr\openvrpaths.vrpath
Unable to read VR Path Registry from C:\Users\ca_nc\AppData\Local\openvr\openvrpaths.vrpath
Unable to read VR Path Registry from C:\Users\ca_nc\AppData\Local\openvr\openvrpaths.vrpath
1530000857225	Marionette	INFO	Listening on port 52103
1530000857292	Marionette	WARN	TLS certificate errors will be ignored for this session
Unable to read VR Path Registry from C:\Users\ca_nc\AppData\Local\openvr\openvrpaths.vrpath
1530001713570	geckodriver	INFO	geckodriver 0.21.0
1530001713591	geckodriver	INFO	Listening on 127.0.0.1:52291
1530001716612	mozrunner::runner	INFO	Running command: "d:\\Program Files (x86)\\Mozilla Firefox\\firefox.exe" "-marionette" "-foreground" "-no-remote" "-profile" "C:\\Users\\ca_nc\\AppData\\Local\\Temp\\rust_mozprofile.FiHbHUTeOvjI"
Unable to read VR Path Registry from C:\Users\ca_nc\AppData\Local\openvr\openvrpaths.vrpath
Unable to read VR Path Registry from C:\Users\ca_nc\AppData\Local\openvr\openvrpaths.vrpath
Unable to read VR Path Registry from C:\Users\ca_nc\AppData\Local\openvr\openvrpaths.vrpath
Unable to read VR Path Registry from C:\Users\ca_nc\AppData\Local\openvr\openvrpaths.vrpath
1530001718753	Marionette	INFO	Listening on port 52299
1530001718830	Marionette	WARN	TLS certificate errors will be ignored for this session
Unable to read VR Path Registry from C:\Users\ca_nc\AppData\Local\openvr\openvrpaths.vrpath
[Child 136440, Chrome_ChildThread] WARNING: pipe error: 109: file z:/build/build/src/ipc/chromium/src/chrome/common/ipc_channel_win.cc, line 346
[Child 136440,[Parent 11692, Gecko_IOThread] WARNING: pipe error: 109: file z:/build/build/src/ipc/chromium/src/chrome/common/ipc_channel_win.cc, line 346
[Child 123492, Chrome_ChildThread] WARNING: pipe error: 109: file z:/build/build/src/ipc/chromium/src/chrome/common/ipc_channel_win.cc, line 346
[Child 12349[GPU 117228, C
###!!! [Child][MessageChannel::SendAndWait] Error: Channel error: cannot send/recv

1530001899553	geckodriver	INFO	geckodriver 0.21.0
1530001899572	geckodriver	INFO	Listening on 127.0.0.1:52365
1530001902594	mozrunner::runner	INFO	Running command: "d:\\Program Files (x86)\\Mozilla Firefox\\firefox.exe" "-marionette" "-foreground" "-no-remote" "-profile" "C:\\Users\\ca_nc\\AppData\\Local\\Temp\\rust_mozprofile.TFczJ3K0dKD1"
Unable to read VR Path Registry from C:\Users\ca_nc\AppData\Local\openvr\openvrpaths.vrpath
Unable to read VR Path Registry from C:\Users\ca_nc\AppData\Local\openvr\openvrpaths.vrpath
Unable to read VR Path Registry from C:\Users\ca_nc\AppData\Local\openvr\openvrpaths.vrpath
Unable to read VR Path Registry from C:\Users\ca_nc\AppData\Local\openvr\openvrpaths.vrpath
1530001904776	Marionette	INFO	Listening on port 52374
1530001904854	Marionette	WARN	TLS certificate errors will be ignored for this session
Unable to read VR Path Registry from C:\Users\ca_nc\AppData\Local\openvr\openvrpaths.vrpath
[Parent 103856, Gecko_IOThread] WARNING: p[iChild 19492, Chrome_ChildThread] WARNING: pipe error: 109: file z:/build/build/src/ipc/chromium/src/chrome/common/ipc_channel_win.cc, line 346p
e error: 109: file z:/build/build/src/ipc/chromium/src/chrome/common/ipc_channel_win.cc, line 346
[Child 102344, Chrome_ChildThread] WARNING: pipe error: 109: file z:/build/build/src/ipc/chromium/src/chrome/common/ipc_channel_win.cc, line 346
[Child 1023[Parent 103856, Gecko_IOThread] WARNING: pipe error: 109: file z:/build/build/src/ipUnable to read VR Path Registry from C:\Users\ca_nc\AppData*** UTM:SVC TimerManager:registerTUnable to read VR Path Registry from C:\Users\ca_nc\AppData\Local\openvr\openvrpaths.vrpath
1530001948595	Marionette	INFO	Listening on port 52420
Unable to read VR Path Registry from C:\Users\ca_nc\AppData\Local\openvr\openvrpaths.vrpath
1530001948963	Marionette	WARN	TLS certificate errors will be ignored for this session
[Parent 18212, Gecko_IOThread] WARNING: pipe error: 109: file z:/build/build/src/ipc/chromium/src/chrome/common/ipc_channel_win.cc, line 346
[Child 117504, Chrome_ChildThread] WARNING: pipe error: 109: file z:/build/build/src/ipc/chromium/src/chrome/common/ipc_channel_win.cc, line 346
[Child 103260, Chrome_ChildThread] WARNING: pipe error: 109: file z:/build/build/src/ipc/chromium/src/chrome/common/ipc_channel_win.cc, line 346
[Child 10326[Parent 18212, Gecko_IOThread] WARNING: pipe error: 109: file z:/build/build/src/ipc/chromium/src/chrome/common/ipc_channel_win.cc, line 346
[Child 12332, Chrome_ChildThread] WARNING: pipe error: 109: file z:/build/build/src/ipc/chromium/src/chrome/common/ipc_channel_win.cc, line 346
[Child 12332[GPU 5004, Chr
###!!! [Child][MessageChannel::SendAndWait] Error: Channel error: cannot send/recv

 session
Unable to read VR Path Registry from C:\Users\ca_nc\AppData\Local\openvr\openvrpaths.vrpath
[Parent 97968, Gecko_IOThread] WARNING: pipe error: 109: file z:/build/build/src/ipc/chromium/src/chrome/commo1530002040638	mozrunner::runner	INFO	Running command: "d:\\Program Files (x86)\\Mozilla Firefox\\firefox.exe" "-marionette" "-foreground" "-no-remote" "-profile" "C:\\Users\\ca_nc\\AppData\\Local\\Temp\\rust_mozprofile.yAEp5VT0roRw"
Unable to read VR Path Registry from C:\Users\ca_nc\AppData\Local\openvr\openvrpaths.vrpath
Unable to read VR Path Registry from C:\Users\ca_nc\AppData\Local\openvr\openvrpaths.vrpath
Unable to read VR Path Registry from C:\Users\ca_nc\AppData\Local\openvr\openvrpaths.vrpath
Unable to read VR Path Registry from C:\Users\ca_nc\AppData\Local\openvr\openvrpaths.vrpath
1530002042885	Marionette	INFO	Listening on port 63330
Unable to read VR Path Registry from C:\Users\ca_nc\AppData\Local\openvr\openvrpaths.vrpath
1530002043361	Marionette	WARN	TLS certificate errors will be ignored for this session
[Child [Parent 101192, Gecko_IOThread] WARNING: pipe error: 109: file z:/build/build/src/ipc/chromium/src/chrome/common/ipc_channel_win.cc, line 346
[Child 96700, Chrome_ChildThread] WARNING: pipe error: 109: file z:/build/build/src/ipc/chromium/src/chrome/common/ipc_channel_win.cc, line 346
[Child 96700, C[Child 58844, Chrome_ChildThread] WARNING: pipe error: 109: file z:/build/build/src/ipc/chromium/src/chrome/common/ipc_channel_win.cc, line 346
[Child 58844,*** UTM:SVC TimerManager:registerTimer called after profile-before-change notification. Ignoring timer registration for id: telemetry_modules_ping
[GPU 45884, Chrome_ChildThread]
###!!! [Child][MessageChannel::SendAndWait] Error: Channel error: cannot send/recv

1530002071069	geckodriver	INFO	geckodriver 0.21.0
1530002071089	geckodriver	INFO	Listening on 127.0.0.1:63367
1530002074110	mozrunner::runner	INFO	Running command: "d:\\Program Files (x86)\\Mozilla Firefox\\firefox.exe" "-marionette" "-foreground" "-no-remote" "-profile" "C:\\Users\\ca_nc\\AppData\\Local\\Temp\\rust_mozprofile.biD4Y94Aeo9K"
Unable to read VR Path Registry from C:\Users\ca_nc\AppData\Local\openvr\openvrpaths.vrpath
Unable to read VR Path Registry from C:\Users\ca_nc\AppData\Local\openvr\openvrpaths.vrpath
Unable to read VR Path Registry from C:\Users\ca_nc\AppData\Local\openvr\openvrpaths.vrpath
Unable to read VR Path Registry from C:\Users\ca_nc\AppData\Local\openvr\openvrpaths.vrpath
1530002076265	Marionette	INFO	Listening on port 63376
1530002076333	Marionette	WARN	TLS certificate errors will be ignored for this session
Unable to read VR Path Registry from C:\Users\ca_nc\AppData\Local\openvr\openvrpaths.vrpath
[Child 97836, Chrome_ChildThread] WARNING: pipe error: 109: file z:/build/build/src/ipc/chromium/src/chrome/common/ipc_channel_win.cc, line 346
[Child 978361530002084354	Marionette	ERROR	No reply from Marionette:Register
JavaScript error: chrome://marionette/content/listener.js, line 464: TypeError: reply[0] is undefined
Unable to read VR Path Registry from C:\Users\ca_nc\AppData\Local\openvr\openvrpaths.vrpath
[Child 101760, Chrome_ChildThread] WARNING: pipe error: 109: file z:/build/build/src/ipc/chromium/src/chrome/common/ipc_channel_win.cc, line 346
[Child 101760, C[Parent 105548, Gecko_IOThread] WARNING: pipe error: 109: file z:/build/build/src/ipc/chromium/src/chrome/common/ipc_channel_win.cc, line 346
[Child 90400, Chrome_ChildThread] WARNING: pipe error: 109: file z:/build/build/src/ipc/chromium/src/chrome/common/ipc_channel_win.cc, line 346
[Child 9040*** UTM:SVC TimerManager:registerTimer called after profile-before-change notification. Ignoring timer registration for id: telemetry_modules_ping
[GPU 98156, Chrome_
###!!! [Child][MessageChannel::SendAndWait] Error: Channel error: cannot send/recv

1530002090367	geckodriver	INFO	geckodriver 0.21.0
1530002090387	geckodriver	INFO	Listening on 127.0.0.1:63413
1530002093408	mozrunner::runner	INFO	Running command: "d:\\Program Files (x86)\\Mozilla Firefox\\firefox.exe" "-marionette" "-foreground" "-no-remote" "-profile" "C:\\Users\\ca_nc\\AppData\\Local\\Temp\\rust_mozprofile.JvflgnAbKRho"
Unable to read VR Path Registry from C:\Users\ca_nc\AppData\Local\openvr\openvrpaths.vrpath
Unable to read VR Path Registry from C:\Users\ca_nc\AppData\Local\openvr\openvrpaths.vrpath
Unable to read VR Path Registry from C:\Users\ca_nc\AppData\Local\openvr\openvrpaths.vrpath
Unable to read VR Path Registry from C:\Users\ca_nc\AppData\Local\openvr\openvrpaths.vrpath
1530002095577	Marionette	INFO	Listening on port 63422
1530002095625	Marionette	WARN	TLS certificate errors will be ignored for this session
Unable to read VR Path Registry from C:\Users\ca_nc\AppData\Local\openvr\openvrpaths.vrpath
[Parent 117248, Gecko_IOThread] WARNING: pipe error: 109: file z:/build/build/src/ipc/chromium/src/chrome/common/ipc_channel_win.cc, line 346
[Child 114704, Chrome_ChildThread] WARNING: pipe error: 109: file z:/build/build/src/ipc/chromium/src/chrome/common/ipc_channel_win.cc, line 346
[Child 114704,*** UTM:SVC TimerManager:registerTimer called after profile-before-change notification. Ignoring timer registration for id: telemetry_modules_ping
[GPU 90776, Chrom
###!!! [Child][MessageChannel::SendAndWait] Error: Channel error: cannot send/recv

1530066185447	geckodriver	INFO	geckodriver 0.21.0
1530066185476	geckodriver	INFO	Listening on 127.0.0.1:49684
1530066188500	mozrunner::runner	INFO	Running command: "d:\\Program Files (x86)\\Mozilla Firefox\\firefox.exe" "-marionette" "-foreground" "-no-remote" "-profile" "C:\\Users\\ca_nc\\AppData\\Local\\Temp\\rust_mozprofile.eEVEEAgYd0Nw"
Unable to read VR Path Registry from C:\Users\ca_nc\AppData\Local\openvr\openvrpaths.vrpath
Unable to read VR Path Registry from C:\Users\ca_nc\AppData\Local\openvr\openvrpaths.vrpath
Unable to read VR Path Registry from C:\Users\ca_nc\AppData\Local\openvr\openvrpaths.vrpath
Unable to read VR Path Registry from C:\Users\ca_nc\AppData\Local\openvr\openvrpaths.vrpath
1530066191103	Marionette	INFO	Listening on port 49694
Unable to read VR Path Registry from C:\Users\ca_nc\AppData\Local\openvr\openvrpaths.vrpath
1530066191230	Marionette	WARN	TLS certificate errors will be ignored for this session
1530168265888	geckodriver	INFO	geckodriver 0.21.0
1530168265923	geckodriver	INFO	Listening on 127.0.0.1:60202
1530168268915	mozrunner::runner	INFO	Running command: "d:\\Program Files (x86)\\Mozilla Firefox\\firefox.exe" "-marionette" "-foreground" "-no-remote" "-profile" "C:\\Users\\ca_nc\\AppData\\Local\\Temp\\rust_mozprofile.6pUu40Xw3mft"
Unable to read VR Path Registry from C:\Users\ca_nc\AppData\Local\openvr\openvrpaths.vrpath
Unable to read VR Path Registry from C:\Users\ca_nc\AppData\Local\openvr\openvrpaths.vrpath
Unable to read VR Path Registry from C:\Users\ca_nc\AppData\Local\openvr\openvrpaths.vrpath
Unable to read VR Path Registry from C:\Users\ca_nc\AppData\Local\openvr\openvrpaths.vrpath
1530168271768	Marionette	INFO	Listening on port 60236
Unable to read VR Path Registry from C:\Users\ca_nc\AppData\Local\openvr\openvrpaths.vrpath
1530168272164	Marionette	WARN	TLS certificate errors will be ignored for this session
JavaScript error: https://ss1.bdstatic.com/5eN1bjq8AAUYm2zgoY3K/r/www/cache/static/protocol/https/plugins/every_cookie_4644b13.js, line 4: ReferenceError: c is not defined
JavaScript error: https://sp0.baidu.com/5a1Fazu8AA54nxGko9WTAnF6hhy/su?wd=selenium&json=1&p=3&sid=1445_21115_18559_26350_26433_22072&req=2&csor=8&pwd=seleniu&cb=jQuery110206251748864648429_1530168272977&_=1530168272986, line 1: TypeError: jQuery110206251748864648429_1530168272977 is not a function
[Child 114408, Chrome_ChildThread] WARNING: pipe error: 109: file z:/build/build/src/ipc/chromium/src/chrome/common/ipc_channel_win.cc, line 346
[Child 114408, Chrome_ChildThread] WARNING: pipe error: 109: file z:/build/build/src/ipc/chromium/src/chrome/c[Child 9424, Chrome_ChildThread] WARNING: pipe error: 109: file z:/build/build/src/ipc/chromium/src/chrome/common/ipc_channel_win.cc, line 346
[Child 9424, Chrom[Parent 106984, Gecko_IOThread] WARNING: pipe error: 109: file z:/build/build/src/ipc/chromium/src/chrome/common/ipc_channel_win.cc, line 346
*** UTM:SVC TimerManager:registerTimer called after profile-before-change notification. Ignoring timer registration for id: telemetry_modules_ping

###!!! [Child][MessageChannel::SendAndWait] Error: Channel error: cannot send/recv

